ERROR - 2023-03-02 10:02:54 --> Error connecting to the database: mysqli_sql_exception: No connection could be made because the target machine actively refused it.
 in C:\Dev\xampp\htdocs\movie\vendor\codeigniter4\framework\system\Database\MySQLi\Connection.php:174
Stack trace:
#0 C:\Dev\xampp\htdocs\movie\vendor\codeigniter4\framework\system\Database\MySQLi\Connection.php(174): mysqli->real_connect('localhost', 'root', '', 'music', 3306, '', 0)
#1 C:\Dev\xampp\htdocs\movie\vendor\codeigniter4\framework\system\Database\BaseConnection.php(391): CodeIgniter\Database\MySQLi\Connection->connect(false)
#2 C:\Dev\xampp\htdocs\movie\vendor\codeigniter4\framework\system\Database\BaseConnection.php(573): CodeIgniter\Database\BaseConnection->initialize()
#3 C:\Dev\xampp\htdocs\movie\app\Controllers\Home.php(11): CodeIgniter\Database\BaseConnection->query('select * from t...')
#4 C:\Dev\xampp\htdocs\movie\vendor\codeigniter4\framework\system\CodeIgniter.php(934): App\Controllers\Home->index()
#5 C:\Dev\xampp\htdocs\movie\vendor\codeigniter4\framework\system\CodeIgniter.php(499): CodeIgniter\CodeIgniter->runController(Object(App\Controllers\Home))
#6 C:\Dev\xampp\htdocs\movie\vendor\codeigniter4\framework\system\CodeIgniter.php(368): CodeIgniter\CodeIgniter->handleRequest(NULL, Object(Config\Cache), false)
#7 C:\Dev\xampp\htdocs\movie\index.php(67): CodeIgniter\CodeIgniter->run()
#8 {main}

Next CodeIgniter\Database\Exceptions\DatabaseException: No connection could be made because the target machine actively refused it.
 in C:\Dev\xampp\htdocs\movie\vendor\codeigniter4\framework\system\Database\MySQLi\Connection.php:218
Stack trace:
#0 C:\Dev\xampp\htdocs\movie\vendor\codeigniter4\framework\system\Database\BaseConnection.php(391): CodeIgniter\Database\MySQLi\Connection->connect(false)
#1 C:\Dev\xampp\htdocs\movie\vendor\codeigniter4\framework\system\Database\BaseConnection.php(573): CodeIgniter\Database\BaseConnection->initialize()
#2 C:\Dev\xampp\htdocs\movie\app\Controllers\Home.php(11): CodeIgniter\Database\BaseConnection->query('select * from t...')
#3 C:\Dev\xampp\htdocs\movie\vendor\codeigniter4\framework\system\CodeIgniter.php(934): App\Controllers\Home->index()
#4 C:\Dev\xampp\htdocs\movie\vendor\codeigniter4\framework\system\CodeIgniter.php(499): CodeIgniter\CodeIgniter->runController(Object(App\Controllers\Home))
#5 C:\Dev\xampp\htdocs\movie\vendor\codeigniter4\framework\system\CodeIgniter.php(368): CodeIgniter\CodeIgniter->handleRequest(NULL, Object(Config\Cache), false)
#6 C:\Dev\xampp\htdocs\movie\index.php(67): CodeIgniter\CodeIgniter->run()
#7 {main}
CRITICAL - 2023-03-02 10:02:54 --> Unable to connect to the database.
Main connection [MySQLi]: No connection could be made because the target machine actively refused it.

in SYSTEMPATH\Database\BaseConnection.php on line 427.
 1 SYSTEMPATH\Database\BaseConnection.php(573): CodeIgniter\Database\BaseConnection->initialize()
 2 APPPATH\Controllers\Home.php(11): CodeIgniter\Database\BaseConnection->query('select * from tbl_song limit 12')
 3 SYSTEMPATH\CodeIgniter.php(934): App\Controllers\Home->index()
 4 SYSTEMPATH\CodeIgniter.php(499): CodeIgniter\CodeIgniter->runController(Object(App\Controllers\Home))
 5 SYSTEMPATH\CodeIgniter.php(368): CodeIgniter\CodeIgniter->handleRequest(null, Object(Config\Cache), false)
 6 FCPATH\index.php(67): CodeIgniter\CodeIgniter->run()
ERROR - 2023-03-02 10:03:59 --> Error connecting to the database: mysqli_sql_exception: No connection could be made because the target machine actively refused it.
 in C:\Dev\xampp\htdocs\movie\vendor\codeigniter4\framework\system\Database\MySQLi\Connection.php:174
Stack trace:
#0 C:\Dev\xampp\htdocs\movie\vendor\codeigniter4\framework\system\Database\MySQLi\Connection.php(174): mysqli->real_connect('', '', '', 'music', 3306, '', 0)
#1 C:\Dev\xampp\htdocs\movie\vendor\codeigniter4\framework\system\Database\BaseConnection.php(391): CodeIgniter\Database\MySQLi\Connection->connect(false)
#2 C:\Dev\xampp\htdocs\movie\vendor\codeigniter4\framework\system\Database\BaseConnection.php(573): CodeIgniter\Database\BaseConnection->initialize()
#3 C:\Dev\xampp\htdocs\movie\app\Controllers\Home.php(11): CodeIgniter\Database\BaseConnection->query('select * from t...')
#4 C:\Dev\xampp\htdocs\movie\vendor\codeigniter4\framework\system\CodeIgniter.php(934): App\Controllers\Home->index()
#5 C:\Dev\xampp\htdocs\movie\vendor\codeigniter4\framework\system\CodeIgniter.php(499): CodeIgniter\CodeIgniter->runController(Object(App\Controllers\Home))
#6 C:\Dev\xampp\htdocs\movie\vendor\codeigniter4\framework\system\CodeIgniter.php(368): CodeIgniter\CodeIgniter->handleRequest(NULL, Object(Config\Cache), false)
#7 C:\Dev\xampp\htdocs\movie\index.php(67): CodeIgniter\CodeIgniter->run()
#8 {main}

Next CodeIgniter\Database\Exceptions\DatabaseException: No connection could be made because the target machine actively refused it.
 in C:\Dev\xampp\htdocs\movie\vendor\codeigniter4\framework\system\Database\MySQLi\Connection.php:218
Stack trace:
#0 C:\Dev\xampp\htdocs\movie\vendor\codeigniter4\framework\system\Database\BaseConnection.php(391): CodeIgniter\Database\MySQLi\Connection->connect(false)
#1 C:\Dev\xampp\htdocs\movie\vendor\codeigniter4\framework\system\Database\BaseConnection.php(573): CodeIgniter\Database\BaseConnection->initialize()
#2 C:\Dev\xampp\htdocs\movie\app\Controllers\Home.php(11): CodeIgniter\Database\BaseConnection->query('select * from t...')
#3 C:\Dev\xampp\htdocs\movie\vendor\codeigniter4\framework\system\CodeIgniter.php(934): App\Controllers\Home->index()
#4 C:\Dev\xampp\htdocs\movie\vendor\codeigniter4\framework\system\CodeIgniter.php(499): CodeIgniter\CodeIgniter->runController(Object(App\Controllers\Home))
#5 C:\Dev\xampp\htdocs\movie\vendor\codeigniter4\framework\system\CodeIgniter.php(368): CodeIgniter\CodeIgniter->handleRequest(NULL, Object(Config\Cache), false)
#6 C:\Dev\xampp\htdocs\movie\index.php(67): CodeIgniter\CodeIgniter->run()
#7 {main}
CRITICAL - 2023-03-02 10:03:59 --> Unable to connect to the database.
Main connection [MySQLi]: No connection could be made because the target machine actively refused it.

in SYSTEMPATH\Database\BaseConnection.php on line 427.
 1 SYSTEMPATH\Database\BaseConnection.php(573): CodeIgniter\Database\BaseConnection->initialize()
 2 APPPATH\Controllers\Home.php(11): CodeIgniter\Database\BaseConnection->query('select * from tbl_song limit 12')
 3 SYSTEMPATH\CodeIgniter.php(934): App\Controllers\Home->index()
 4 SYSTEMPATH\CodeIgniter.php(499): CodeIgniter\CodeIgniter->runController(Object(App\Controllers\Home))
 5 SYSTEMPATH\CodeIgniter.php(368): CodeIgniter\CodeIgniter->handleRequest(null, Object(Config\Cache), false)
 6 FCPATH\index.php(67): CodeIgniter\CodeIgniter->run()
ERROR - 2023-03-02 10:04:52 --> Error connecting to the database: mysqli_sql_exception: No connection could be made because the target machine actively refused it.
 in C:\Dev\xampp\htdocs\movie\vendor\codeigniter4\framework\system\Database\MySQLi\Connection.php:174
Stack trace:
#0 C:\Dev\xampp\htdocs\movie\vendor\codeigniter4\framework\system\Database\MySQLi\Connection.php(174): mysqli->real_connect('', '', '', 'music', 3306, '', 0)
#1 C:\Dev\xampp\htdocs\movie\vendor\codeigniter4\framework\system\Database\BaseConnection.php(391): CodeIgniter\Database\MySQLi\Connection->connect(false)
#2 C:\Dev\xampp\htdocs\movie\vendor\codeigniter4\framework\system\Database\BaseConnection.php(573): CodeIgniter\Database\BaseConnection->initialize()
#3 C:\Dev\xampp\htdocs\movie\app\Controllers\Home.php(11): CodeIgniter\Database\BaseConnection->query('select * from t...')
#4 C:\Dev\xampp\htdocs\movie\vendor\codeigniter4\framework\system\CodeIgniter.php(934): App\Controllers\Home->index()
#5 C:\Dev\xampp\htdocs\movie\vendor\codeigniter4\framework\system\CodeIgniter.php(499): CodeIgniter\CodeIgniter->runController(Object(App\Controllers\Home))
#6 C:\Dev\xampp\htdocs\movie\vendor\codeigniter4\framework\system\CodeIgniter.php(368): CodeIgniter\CodeIgniter->handleRequest(NULL, Object(Config\Cache), false)
#7 C:\Dev\xampp\htdocs\movie\index.php(67): CodeIgniter\CodeIgniter->run()
#8 {main}

Next CodeIgniter\Database\Exceptions\DatabaseException: No connection could be made because the target machine actively refused it.
 in C:\Dev\xampp\htdocs\movie\vendor\codeigniter4\framework\system\Database\MySQLi\Connection.php:218
Stack trace:
#0 C:\Dev\xampp\htdocs\movie\vendor\codeigniter4\framework\system\Database\BaseConnection.php(391): CodeIgniter\Database\MySQLi\Connection->connect(false)
#1 C:\Dev\xampp\htdocs\movie\vendor\codeigniter4\framework\system\Database\BaseConnection.php(573): CodeIgniter\Database\BaseConnection->initialize()
#2 C:\Dev\xampp\htdocs\movie\app\Controllers\Home.php(11): CodeIgniter\Database\BaseConnection->query('select * from t...')
#3 C:\Dev\xampp\htdocs\movie\vendor\codeigniter4\framework\system\CodeIgniter.php(934): App\Controllers\Home->index()
#4 C:\Dev\xampp\htdocs\movie\vendor\codeigniter4\framework\system\CodeIgniter.php(499): CodeIgniter\CodeIgniter->runController(Object(App\Controllers\Home))
#5 C:\Dev\xampp\htdocs\movie\vendor\codeigniter4\framework\system\CodeIgniter.php(368): CodeIgniter\CodeIgniter->handleRequest(NULL, Object(Config\Cache), false)
#6 C:\Dev\xampp\htdocs\movie\index.php(67): CodeIgniter\CodeIgniter->run()
#7 {main}
CRITICAL - 2023-03-02 10:04:52 --> Unable to connect to the database.
Main connection [MySQLi]: No connection could be made because the target machine actively refused it.

in SYSTEMPATH\Database\BaseConnection.php on line 427.
 1 SYSTEMPATH\Database\BaseConnection.php(573): CodeIgniter\Database\BaseConnection->initialize()
 2 APPPATH\Controllers\Home.php(11): CodeIgniter\Database\BaseConnection->query('select * from tbl_song limit 12')
 3 SYSTEMPATH\CodeIgniter.php(934): App\Controllers\Home->index()
 4 SYSTEMPATH\CodeIgniter.php(499): CodeIgniter\CodeIgniter->runController(Object(App\Controllers\Home))
 5 SYSTEMPATH\CodeIgniter.php(368): CodeIgniter\CodeIgniter->handleRequest(null, Object(Config\Cache), false)
 6 FCPATH\index.php(67): CodeIgniter\CodeIgniter->run()
CRITICAL - 2023-03-02 10:31:32 --> Call to undefined function App\Controllers\push()
in APPPATH\Controllers\Home.php on line 16.
 1 SYSTEMPATH\CodeIgniter.php(934): App\Controllers\Home->index()
 2 SYSTEMPATH\CodeIgniter.php(499): CodeIgniter\CodeIgniter->runController(Object(App\Controllers\Home))
 3 SYSTEMPATH\CodeIgniter.php(368): CodeIgniter\CodeIgniter->handleRequest(null, Object(Config\Cache), false)
 4 FCPATH\index.php(67): CodeIgniter\CodeIgniter->run()
CRITICAL - 2023-03-02 10:50:22 --> scandir(../public/assets/videos/): The system cannot find the path specified. (code: 3)
in APPPATH\Controllers\Home.php on line 10.
 1 [internal function]: CodeIgniter\Debug\Exceptions->errorHandler(2, 'scandir(../public/assets/videos/): The system cannot find the path specified. (code: 3)', 'APPPATH\\Controllers\\Home.php', 10, [...])
 2 APPPATH\Controllers\Home.php(10): scandir('../public/assets/videos/')
 3 SYSTEMPATH\CodeIgniter.php(934): App\Controllers\Home->index()
 4 SYSTEMPATH\CodeIgniter.php(499): CodeIgniter\CodeIgniter->runController(Object(App\Controllers\Home))
 5 SYSTEMPATH\CodeIgniter.php(368): CodeIgniter\CodeIgniter->handleRequest(null, Object(Config\Cache), false)
 6 FCPATH\index.php(67): CodeIgniter\CodeIgniter->run()
