CRITICAL - 2023-02-21 07:27:50 --> Function name must be a string
in APPPATH\Controllers\Login.php on line 9.
 1 SYSTEMPATH\CodeIgniter.php(934): App\Controllers\Login->index()
 2 SYSTEMPATH\CodeIgniter.php(499): CodeIgniter\CodeIgniter->runController(Object(App\Controllers\Login))
 3 SYSTEMPATH\CodeIgniter.php(368): CodeIgniter\CodeIgniter->handleRequest(null, Object(Config\Cache), false)
 4 FCPATH\index.php(67): CodeIgniter\CodeIgniter->run()
CRITICAL - 2023-02-21 07:28:53 --> Function name must be a string
in APPPATH\Views\login\index.php on line 56.
 1 SYSTEMPATH\View\View.php(213): include()
 2 SYSTEMPATH\View\View.php(216): CodeIgniter\View\View->CodeIgniter\View\{closure}()
 3 SYSTEMPATH\Common.php(1177): CodeIgniter\View\View->render('login/index', [], true)
 4 APPPATH\Controllers\Login.php(15): view('login/index', [...])
 5 SYSTEMPATH\CodeIgniter.php(934): App\Controllers\Login->index()
 6 SYSTEMPATH\CodeIgniter.php(499): CodeIgniter\CodeIgniter->runController(Object(App\Controllers\Login))
 7 SYSTEMPATH\CodeIgniter.php(368): CodeIgniter\CodeIgniter->handleRequest(null, Object(Config\Cache), false)
 8 FCPATH\index.php(67): CodeIgniter\CodeIgniter->run()
CRITICAL - 2023-02-21 07:32:17 --> Call to a member function post() on null
in APPPATH\Controllers\Login.php on line 19.
 1 SYSTEMPATH\CodeIgniter.php(934): App\Controllers\Login->checkLogin()
 2 SYSTEMPATH\CodeIgniter.php(499): CodeIgniter\CodeIgniter->runController(Object(App\Controllers\Login))
 3 SYSTEMPATH\CodeIgniter.php(368): CodeIgniter\CodeIgniter->handleRequest(null, Object(Config\Cache), false)
 4 FCPATH\index.php(67): CodeIgniter\CodeIgniter->run()
CRITICAL - 2023-02-21 07:32:35 --> Call to a member function post() on null
in APPPATH\Controllers\Login.php on line 19.
 1 SYSTEMPATH\CodeIgniter.php(934): App\Controllers\Login->checkLogin()
 2 SYSTEMPATH\CodeIgniter.php(499): CodeIgniter\CodeIgniter->runController(Object(App\Controllers\Login))
 3 SYSTEMPATH\CodeIgniter.php(368): CodeIgniter\CodeIgniter->handleRequest(null, Object(Config\Cache), false)
 4 FCPATH\index.php(67): CodeIgniter\CodeIgniter->run()
CRITICAL - 2023-02-21 07:54:48 --> syntax error, unexpected '}', expecting ';' or ','
in APPPATH\Controllers\Login.php on line 26.
 1 SYSTEMPATH\Autoloader\Autoloader.php(289): CodeIgniter\Autoloader\Autoloader->includeFile('APPPATH\\Controllers\\Login.php')
 2 SYSTEMPATH\Autoloader\Autoloader.php(267): CodeIgniter\Autoloader\Autoloader->loadInNamespace('App\\Controllers\\Login')
 3 [internal function]: CodeIgniter\Autoloader\Autoloader->loadClass('App\\Controllers\\Login')
 4 [internal function]: spl_autoload_call('App\\Controllers\\Login')
 5 SYSTEMPATH\CodeIgniter.php(892): class_exists('\\App\\Controllers\\Login', true)
 6 SYSTEMPATH\CodeIgniter.php(486): CodeIgniter\CodeIgniter->startController()
 7 SYSTEMPATH\CodeIgniter.php(368): CodeIgniter\CodeIgniter->handleRequest(null, Object(Config\Cache), false)
 8 FCPATH\index.php(67): CodeIgniter\CodeIgniter->run()
CRITICAL - 2023-02-21 07:55:11 --> Call to a member function query() on null
in APPPATH\Controllers\Login.php on line 20.
 1 SYSTEMPATH\CodeIgniter.php(934): App\Controllers\Login->checkLogin()
 2 SYSTEMPATH\CodeIgniter.php(499): CodeIgniter\CodeIgniter->runController(Object(App\Controllers\Login))
 3 SYSTEMPATH\CodeIgniter.php(368): CodeIgniter\CodeIgniter->handleRequest(null, Object(Config\Cache), false)
 4 FCPATH\index.php(67): CodeIgniter\CodeIgniter->run()
CRITICAL - 2023-02-21 07:55:22 --> Call to a member function query() on null
in APPPATH\Controllers\Login.php on line 20.
 1 SYSTEMPATH\CodeIgniter.php(934): App\Controllers\Login->checkLogin()
 2 SYSTEMPATH\CodeIgniter.php(499): CodeIgniter\CodeIgniter->runController(Object(App\Controllers\Login))
 3 SYSTEMPATH\CodeIgniter.php(368): CodeIgniter\CodeIgniter->handleRequest(null, Object(Config\Cache), false)
 4 FCPATH\index.php(67): CodeIgniter\CodeIgniter->run()
CRITICAL - 2023-02-21 07:55:46 --> Call to a member function query() on null
in APPPATH\Controllers\Login.php on line 20.
 1 SYSTEMPATH\CodeIgniter.php(934): App\Controllers\Login->checkLogin()
 2 SYSTEMPATH\CodeIgniter.php(499): CodeIgniter\CodeIgniter->runController(Object(App\Controllers\Login))
 3 SYSTEMPATH\CodeIgniter.php(368): CodeIgniter\CodeIgniter->handleRequest(null, Object(Config\Cache), false)
 4 FCPATH\index.php(67): CodeIgniter\CodeIgniter->run()
CRITICAL - 2023-02-21 07:55:49 --> Call to a member function query() on null
in APPPATH\Controllers\Login.php on line 20.
 1 SYSTEMPATH\CodeIgniter.php(934): App\Controllers\Login->checkLogin()
 2 SYSTEMPATH\CodeIgniter.php(499): CodeIgniter\CodeIgniter->runController(Object(App\Controllers\Login))
 3 SYSTEMPATH\CodeIgniter.php(368): CodeIgniter\CodeIgniter->handleRequest(null, Object(Config\Cache), false)
 4 FCPATH\index.php(67): CodeIgniter\CodeIgniter->run()
ERROR - 2023-02-21 07:56:44 --> mysqli_sql_exception: You have an error in your SQL syntax; check the manual that corresponds to your MariaDB server version for the right syntax to use near 'and pw =' at line 1 in C:\Dev\xampp\htdocs\music\vendor\codeigniter4\framework\system\Database\MySQLi\Connection.php:295
Stack trace:
#0 C:\Dev\xampp\htdocs\music\vendor\codeigniter4\framework\system\Database\MySQLi\Connection.php(295): mysqli->query('select * from t...', 0)
#1 C:\Dev\xampp\htdocs\music\vendor\codeigniter4\framework\system\Database\BaseConnection.php(691): CodeIgniter\Database\MySQLi\Connection->execute('select * from t...')
#2 C:\Dev\xampp\htdocs\music\vendor\codeigniter4\framework\system\Database\BaseConnection.php(605): CodeIgniter\Database\BaseConnection->simpleQuery('select * from t...')
#3 C:\Dev\xampp\htdocs\music\app\Controllers\Login.php(22): CodeIgniter\Database\BaseConnection->query('select * from t...')
#4 C:\Dev\xampp\htdocs\music\vendor\codeigniter4\framework\system\CodeIgniter.php(934): App\Controllers\Login->checkLogin()
#5 C:\Dev\xampp\htdocs\music\vendor\codeigniter4\framework\system\CodeIgniter.php(499): CodeIgniter\CodeIgniter->runController(Object(App\Controllers\Login))
#6 C:\Dev\xampp\htdocs\music\vendor\codeigniter4\framework\system\CodeIgniter.php(368): CodeIgniter\CodeIgniter->handleRequest(NULL, Object(Config\Cache), false)
#7 C:\Dev\xampp\htdocs\music\index.php(67): CodeIgniter\CodeIgniter->run()
#8 {main}
CRITICAL - 2023-02-21 07:56:44 --> You have an error in your SQL syntax; check the manual that corresponds to your MariaDB server version for the right syntax to use near 'and pw =' at line 1
in SYSTEMPATH\Database\BaseConnection.php on line 645.
 1 APPPATH\Controllers\Login.php(22): CodeIgniter\Database\BaseConnection->query('select * from tbl_user where user =  and pw = ')
 2 SYSTEMPATH\CodeIgniter.php(934): App\Controllers\Login->checkLogin()
 3 SYSTEMPATH\CodeIgniter.php(499): CodeIgniter\CodeIgniter->runController(Object(App\Controllers\Login))
 4 SYSTEMPATH\CodeIgniter.php(368): CodeIgniter\CodeIgniter->handleRequest(null, Object(Config\Cache), false)
 5 FCPATH\index.php(67): CodeIgniter\CodeIgniter->run()
ERROR - 2023-02-21 07:56:47 --> mysqli_sql_exception: Unknown column 'dsa' in 'where clause' in C:\Dev\xampp\htdocs\music\vendor\codeigniter4\framework\system\Database\MySQLi\Connection.php:295
Stack trace:
#0 C:\Dev\xampp\htdocs\music\vendor\codeigniter4\framework\system\Database\MySQLi\Connection.php(295): mysqli->query('select * from t...', 0)
#1 C:\Dev\xampp\htdocs\music\vendor\codeigniter4\framework\system\Database\BaseConnection.php(691): CodeIgniter\Database\MySQLi\Connection->execute('select * from t...')
#2 C:\Dev\xampp\htdocs\music\vendor\codeigniter4\framework\system\Database\BaseConnection.php(605): CodeIgniter\Database\BaseConnection->simpleQuery('select * from t...')
#3 C:\Dev\xampp\htdocs\music\app\Controllers\Login.php(22): CodeIgniter\Database\BaseConnection->query('select * from t...')
#4 C:\Dev\xampp\htdocs\music\vendor\codeigniter4\framework\system\CodeIgniter.php(934): App\Controllers\Login->checkLogin()
#5 C:\Dev\xampp\htdocs\music\vendor\codeigniter4\framework\system\CodeIgniter.php(499): CodeIgniter\CodeIgniter->runController(Object(App\Controllers\Login))
#6 C:\Dev\xampp\htdocs\music\vendor\codeigniter4\framework\system\CodeIgniter.php(368): CodeIgniter\CodeIgniter->handleRequest(NULL, Object(Config\Cache), false)
#7 C:\Dev\xampp\htdocs\music\index.php(67): CodeIgniter\CodeIgniter->run()
#8 {main}
CRITICAL - 2023-02-21 07:56:47 --> Unknown column 'dsa' in 'where clause'
in SYSTEMPATH\Database\BaseConnection.php on line 645.
 1 APPPATH\Controllers\Login.php(22): CodeIgniter\Database\BaseConnection->query('select * from tbl_user where user = dsa and pw = dsa')
 2 SYSTEMPATH\CodeIgniter.php(934): App\Controllers\Login->checkLogin()
 3 SYSTEMPATH\CodeIgniter.php(499): CodeIgniter\CodeIgniter->runController(Object(App\Controllers\Login))
 4 SYSTEMPATH\CodeIgniter.php(368): CodeIgniter\CodeIgniter->handleRequest(null, Object(Config\Cache), false)
 5 FCPATH\index.php(67): CodeIgniter\CodeIgniter->run()
ERROR - 2023-02-21 07:57:31 --> mysqli_sql_exception: You have an error in your SQL syntax; check the manual that corresponds to your MariaDB server version for the right syntax to use near 'and pw =' at line 1 in C:\Dev\xampp\htdocs\music\vendor\codeigniter4\framework\system\Database\MySQLi\Connection.php:295
Stack trace:
#0 C:\Dev\xampp\htdocs\music\vendor\codeigniter4\framework\system\Database\MySQLi\Connection.php(295): mysqli->query('select * from t...', 0)
#1 C:\Dev\xampp\htdocs\music\vendor\codeigniter4\framework\system\Database\BaseConnection.php(691): CodeIgniter\Database\MySQLi\Connection->execute('select * from t...')
#2 C:\Dev\xampp\htdocs\music\vendor\codeigniter4\framework\system\Database\BaseConnection.php(605): CodeIgniter\Database\BaseConnection->simpleQuery('select * from t...')
#3 C:\Dev\xampp\htdocs\music\app\Controllers\Login.php(22): CodeIgniter\Database\BaseConnection->query('select * from t...')
#4 C:\Dev\xampp\htdocs\music\vendor\codeigniter4\framework\system\CodeIgniter.php(934): App\Controllers\Login->checkLogin()
#5 C:\Dev\xampp\htdocs\music\vendor\codeigniter4\framework\system\CodeIgniter.php(499): CodeIgniter\CodeIgniter->runController(Object(App\Controllers\Login))
#6 C:\Dev\xampp\htdocs\music\vendor\codeigniter4\framework\system\CodeIgniter.php(368): CodeIgniter\CodeIgniter->handleRequest(NULL, Object(Config\Cache), false)
#7 C:\Dev\xampp\htdocs\music\index.php(67): CodeIgniter\CodeIgniter->run()
#8 {main}
CRITICAL - 2023-02-21 07:57:31 --> You have an error in your SQL syntax; check the manual that corresponds to your MariaDB server version for the right syntax to use near 'and pw =' at line 1
in SYSTEMPATH\Database\BaseConnection.php on line 645.
 1 APPPATH\Controllers\Login.php(22): CodeIgniter\Database\BaseConnection->query('select * from tbl_user where user =  and pw = ')
 2 SYSTEMPATH\CodeIgniter.php(934): App\Controllers\Login->checkLogin()
 3 SYSTEMPATH\CodeIgniter.php(499): CodeIgniter\CodeIgniter->runController(Object(App\Controllers\Login))
 4 SYSTEMPATH\CodeIgniter.php(368): CodeIgniter\CodeIgniter->handleRequest(null, Object(Config\Cache), false)
 5 FCPATH\index.php(67): CodeIgniter\CodeIgniter->run()
ERROR - 2023-02-21 07:58:53 --> mysqli_sql_exception: You have an error in your SQL syntax; check the manual that corresponds to your MariaDB server version for the right syntax to use near 'and pw = 1' at line 1 in C:\Dev\xampp\htdocs\music\vendor\codeigniter4\framework\system\Database\MySQLi\Connection.php:295
Stack trace:
#0 C:\Dev\xampp\htdocs\music\vendor\codeigniter4\framework\system\Database\MySQLi\Connection.php(295): mysqli->query('select * from t...', 0)
#1 C:\Dev\xampp\htdocs\music\vendor\codeigniter4\framework\system\Database\BaseConnection.php(691): CodeIgniter\Database\MySQLi\Connection->execute('select * from t...')
#2 C:\Dev\xampp\htdocs\music\vendor\codeigniter4\framework\system\Database\BaseConnection.php(605): CodeIgniter\Database\BaseConnection->simpleQuery('select * from t...')
#3 C:\Dev\xampp\htdocs\music\app\Controllers\Login.php(22): CodeIgniter\Database\BaseConnection->query('select * from t...')
#4 C:\Dev\xampp\htdocs\music\vendor\codeigniter4\framework\system\CodeIgniter.php(934): App\Controllers\Login->checkLogin()
#5 C:\Dev\xampp\htdocs\music\vendor\codeigniter4\framework\system\CodeIgniter.php(499): CodeIgniter\CodeIgniter->runController(Object(App\Controllers\Login))
#6 C:\Dev\xampp\htdocs\music\vendor\codeigniter4\framework\system\CodeIgniter.php(368): CodeIgniter\CodeIgniter->handleRequest(NULL, Object(Config\Cache), false)
#7 C:\Dev\xampp\htdocs\music\index.php(67): CodeIgniter\CodeIgniter->run()
#8 {main}
CRITICAL - 2023-02-21 07:58:53 --> You have an error in your SQL syntax; check the manual that corresponds to your MariaDB server version for the right syntax to use near 'and pw = 1' at line 1
in SYSTEMPATH\Database\BaseConnection.php on line 645.
 1 APPPATH\Controllers\Login.php(22): CodeIgniter\Database\BaseConnection->query('select * from tbl_user where user =  and pw = 1')
 2 SYSTEMPATH\CodeIgniter.php(934): App\Controllers\Login->checkLogin()
 3 SYSTEMPATH\CodeIgniter.php(499): CodeIgniter\CodeIgniter->runController(Object(App\Controllers\Login))
 4 SYSTEMPATH\CodeIgniter.php(368): CodeIgniter\CodeIgniter->handleRequest(null, Object(Config\Cache), false)
 5 FCPATH\index.php(67): CodeIgniter\CodeIgniter->run()
ERROR - 2023-02-21 07:58:58 --> mysqli_sql_exception: Unknown column 'dsa' in 'where clause' in C:\Dev\xampp\htdocs\music\vendor\codeigniter4\framework\system\Database\MySQLi\Connection.php:295
Stack trace:
#0 C:\Dev\xampp\htdocs\music\vendor\codeigniter4\framework\system\Database\MySQLi\Connection.php(295): mysqli->query('select * from t...', 0)
#1 C:\Dev\xampp\htdocs\music\vendor\codeigniter4\framework\system\Database\BaseConnection.php(691): CodeIgniter\Database\MySQLi\Connection->execute('select * from t...')
#2 C:\Dev\xampp\htdocs\music\vendor\codeigniter4\framework\system\Database\BaseConnection.php(605): CodeIgniter\Database\BaseConnection->simpleQuery('select * from t...')
#3 C:\Dev\xampp\htdocs\music\app\Controllers\Login.php(22): CodeIgniter\Database\BaseConnection->query('select * from t...')
#4 C:\Dev\xampp\htdocs\music\vendor\codeigniter4\framework\system\CodeIgniter.php(934): App\Controllers\Login->checkLogin()
#5 C:\Dev\xampp\htdocs\music\vendor\codeigniter4\framework\system\CodeIgniter.php(499): CodeIgniter\CodeIgniter->runController(Object(App\Controllers\Login))
#6 C:\Dev\xampp\htdocs\music\vendor\codeigniter4\framework\system\CodeIgniter.php(368): CodeIgniter\CodeIgniter->handleRequest(NULL, Object(Config\Cache), false)
#7 C:\Dev\xampp\htdocs\music\index.php(67): CodeIgniter\CodeIgniter->run()
#8 {main}
CRITICAL - 2023-02-21 07:58:58 --> Unknown column 'dsa' in 'where clause'
in SYSTEMPATH\Database\BaseConnection.php on line 645.
 1 APPPATH\Controllers\Login.php(22): CodeIgniter\Database\BaseConnection->query('select * from tbl_user where user = dsa and pw = 1')
 2 SYSTEMPATH\CodeIgniter.php(934): App\Controllers\Login->checkLogin()
 3 SYSTEMPATH\CodeIgniter.php(499): CodeIgniter\CodeIgniter->runController(Object(App\Controllers\Login))
 4 SYSTEMPATH\CodeIgniter.php(368): CodeIgniter\CodeIgniter->handleRequest(null, Object(Config\Cache), false)
 5 FCPATH\index.php(67): CodeIgniter\CodeIgniter->run()
ERROR - 2023-02-21 08:03:55 --> mysqli_sql_exception: You have an error in your SQL syntax; check the manual that corresponds to your MariaDB server version for the right syntax to use near 'and pw = 1' at line 1 in C:\Dev\xampp\htdocs\music\vendor\codeigniter4\framework\system\Database\MySQLi\Connection.php:295
Stack trace:
#0 C:\Dev\xampp\htdocs\music\vendor\codeigniter4\framework\system\Database\MySQLi\Connection.php(295): mysqli->query('select * from t...', 0)
#1 C:\Dev\xampp\htdocs\music\vendor\codeigniter4\framework\system\Database\BaseConnection.php(691): CodeIgniter\Database\MySQLi\Connection->execute('select * from t...')
#2 C:\Dev\xampp\htdocs\music\vendor\codeigniter4\framework\system\Database\BaseConnection.php(605): CodeIgniter\Database\BaseConnection->simpleQuery('select * from t...')
#3 C:\Dev\xampp\htdocs\music\app\Controllers\Login.php(22): CodeIgniter\Database\BaseConnection->query('select * from t...')
#4 C:\Dev\xampp\htdocs\music\vendor\codeigniter4\framework\system\CodeIgniter.php(934): App\Controllers\Login->checkLogin()
#5 C:\Dev\xampp\htdocs\music\vendor\codeigniter4\framework\system\CodeIgniter.php(499): CodeIgniter\CodeIgniter->runController(Object(App\Controllers\Login))
#6 C:\Dev\xampp\htdocs\music\vendor\codeigniter4\framework\system\CodeIgniter.php(368): CodeIgniter\CodeIgniter->handleRequest(NULL, Object(Config\Cache), false)
#7 C:\Dev\xampp\htdocs\music\index.php(67): CodeIgniter\CodeIgniter->run()
#8 {main}
CRITICAL - 2023-02-21 08:03:55 --> You have an error in your SQL syntax; check the manual that corresponds to your MariaDB server version for the right syntax to use near 'and pw = 1' at line 1
in SYSTEMPATH\Database\BaseConnection.php on line 645.
 1 APPPATH\Controllers\Login.php(22): CodeIgniter\Database\BaseConnection->query('select * from tbl_user where user =  and pw = 1')
 2 SYSTEMPATH\CodeIgniter.php(934): App\Controllers\Login->checkLogin()
 3 SYSTEMPATH\CodeIgniter.php(499): CodeIgniter\CodeIgniter->runController(Object(App\Controllers\Login))
 4 SYSTEMPATH\CodeIgniter.php(368): CodeIgniter\CodeIgniter->handleRequest(null, Object(Config\Cache), false)
 5 FCPATH\index.php(67): CodeIgniter\CodeIgniter->run()
ERROR - 2023-02-21 08:04:35 --> mysqli_sql_exception: You have an error in your SQL syntax; check the manual that corresponds to your MariaDB server version for the right syntax to use near 'AND pw = 1' at line 1 in C:\Dev\xampp\htdocs\music\vendor\codeigniter4\framework\system\Database\MySQLi\Connection.php:295
Stack trace:
#0 C:\Dev\xampp\htdocs\music\vendor\codeigniter4\framework\system\Database\MySQLi\Connection.php(295): mysqli->query('select * from t...', 0)
#1 C:\Dev\xampp\htdocs\music\vendor\codeigniter4\framework\system\Database\BaseConnection.php(691): CodeIgniter\Database\MySQLi\Connection->execute('select * from t...')
#2 C:\Dev\xampp\htdocs\music\vendor\codeigniter4\framework\system\Database\BaseConnection.php(605): CodeIgniter\Database\BaseConnection->simpleQuery('select * from t...')
#3 C:\Dev\xampp\htdocs\music\app\Controllers\Login.php(22): CodeIgniter\Database\BaseConnection->query('select * from t...')
#4 C:\Dev\xampp\htdocs\music\vendor\codeigniter4\framework\system\CodeIgniter.php(934): App\Controllers\Login->checkLogin()
#5 C:\Dev\xampp\htdocs\music\vendor\codeigniter4\framework\system\CodeIgniter.php(499): CodeIgniter\CodeIgniter->runController(Object(App\Controllers\Login))
#6 C:\Dev\xampp\htdocs\music\vendor\codeigniter4\framework\system\CodeIgniter.php(368): CodeIgniter\CodeIgniter->handleRequest(NULL, Object(Config\Cache), false)
#7 C:\Dev\xampp\htdocs\music\index.php(67): CodeIgniter\CodeIgniter->run()
#8 {main}
CRITICAL - 2023-02-21 08:04:35 --> You have an error in your SQL syntax; check the manual that corresponds to your MariaDB server version for the right syntax to use near 'AND pw = 1' at line 1
in SYSTEMPATH\Database\BaseConnection.php on line 645.
 1 APPPATH\Controllers\Login.php(22): CodeIgniter\Database\BaseConnection->query('select * from tbl_user where user =  AND pw = 1')
 2 SYSTEMPATH\CodeIgniter.php(934): App\Controllers\Login->checkLogin()
 3 SYSTEMPATH\CodeIgniter.php(499): CodeIgniter\CodeIgniter->runController(Object(App\Controllers\Login))
 4 SYSTEMPATH\CodeIgniter.php(368): CodeIgniter\CodeIgniter->handleRequest(null, Object(Config\Cache), false)
 5 FCPATH\index.php(67): CodeIgniter\CodeIgniter->run()
ERROR - 2023-02-21 08:04:51 --> mysqli_sql_exception: You have an error in your SQL syntax; check the manual that corresponds to your MariaDB server version for the right syntax to use near '' at line 1 in C:\Dev\xampp\htdocs\music\vendor\codeigniter4\framework\system\Database\MySQLi\Connection.php:295
Stack trace:
#0 C:\Dev\xampp\htdocs\music\vendor\codeigniter4\framework\system\Database\MySQLi\Connection.php(295): mysqli->query('select * from t...', 0)
#1 C:\Dev\xampp\htdocs\music\vendor\codeigniter4\framework\system\Database\BaseConnection.php(691): CodeIgniter\Database\MySQLi\Connection->execute('select * from t...')
#2 C:\Dev\xampp\htdocs\music\vendor\codeigniter4\framework\system\Database\BaseConnection.php(605): CodeIgniter\Database\BaseConnection->simpleQuery('select * from t...')
#3 C:\Dev\xampp\htdocs\music\app\Controllers\Login.php(22): CodeIgniter\Database\BaseConnection->query('select * from t...')
#4 C:\Dev\xampp\htdocs\music\vendor\codeigniter4\framework\system\CodeIgniter.php(934): App\Controllers\Login->checkLogin()
#5 C:\Dev\xampp\htdocs\music\vendor\codeigniter4\framework\system\CodeIgniter.php(499): CodeIgniter\CodeIgniter->runController(Object(App\Controllers\Login))
#6 C:\Dev\xampp\htdocs\music\vendor\codeigniter4\framework\system\CodeIgniter.php(368): CodeIgniter\CodeIgniter->handleRequest(NULL, Object(Config\Cache), false)
#7 C:\Dev\xampp\htdocs\music\index.php(67): CodeIgniter\CodeIgniter->run()
#8 {main}
CRITICAL - 2023-02-21 08:04:51 --> You have an error in your SQL syntax; check the manual that corresponds to your MariaDB server version for the right syntax to use near '' at line 1
in SYSTEMPATH\Database\BaseConnection.php on line 645.
 1 APPPATH\Controllers\Login.php(22): CodeIgniter\Database\BaseConnection->query('select * from tbl_user where user = ')
 2 SYSTEMPATH\CodeIgniter.php(934): App\Controllers\Login->checkLogin()
 3 SYSTEMPATH\CodeIgniter.php(499): CodeIgniter\CodeIgniter->runController(Object(App\Controllers\Login))
 4 SYSTEMPATH\CodeIgniter.php(368): CodeIgniter\CodeIgniter->handleRequest(null, Object(Config\Cache), false)
 5 FCPATH\index.php(67): CodeIgniter\CodeIgniter->run()
ERROR - 2023-02-21 08:05:12 --> mysqli_sql_exception: You have an error in your SQL syntax; check the manual that corresponds to your MariaDB server version for the right syntax to use near '' at line 1 in C:\Dev\xampp\htdocs\music\vendor\codeigniter4\framework\system\Database\MySQLi\Connection.php:295
Stack trace:
#0 C:\Dev\xampp\htdocs\music\vendor\codeigniter4\framework\system\Database\MySQLi\Connection.php(295): mysqli->query('select * from t...', 0)
#1 C:\Dev\xampp\htdocs\music\vendor\codeigniter4\framework\system\Database\BaseConnection.php(691): CodeIgniter\Database\MySQLi\Connection->execute('select * from t...')
#2 C:\Dev\xampp\htdocs\music\vendor\codeigniter4\framework\system\Database\BaseConnection.php(605): CodeIgniter\Database\BaseConnection->simpleQuery('select * from t...')
#3 C:\Dev\xampp\htdocs\music\app\Controllers\Login.php(22): CodeIgniter\Database\BaseConnection->query('select * from t...')
#4 C:\Dev\xampp\htdocs\music\vendor\codeigniter4\framework\system\CodeIgniter.php(934): App\Controllers\Login->checkLogin()
#5 C:\Dev\xampp\htdocs\music\vendor\codeigniter4\framework\system\CodeIgniter.php(499): CodeIgniter\CodeIgniter->runController(Object(App\Controllers\Login))
#6 C:\Dev\xampp\htdocs\music\vendor\codeigniter4\framework\system\CodeIgniter.php(368): CodeIgniter\CodeIgniter->handleRequest(NULL, Object(Config\Cache), false)
#7 C:\Dev\xampp\htdocs\music\index.php(67): CodeIgniter\CodeIgniter->run()
#8 {main}
CRITICAL - 2023-02-21 08:05:12 --> You have an error in your SQL syntax; check the manual that corresponds to your MariaDB server version for the right syntax to use near '' at line 1
in SYSTEMPATH\Database\BaseConnection.php on line 645.
 1 APPPATH\Controllers\Login.php(22): CodeIgniter\Database\BaseConnection->query('select * from tbl_user where pw = ')
 2 SYSTEMPATH\CodeIgniter.php(934): App\Controllers\Login->checkLogin()
 3 SYSTEMPATH\CodeIgniter.php(499): CodeIgniter\CodeIgniter->runController(Object(App\Controllers\Login))
 4 SYSTEMPATH\CodeIgniter.php(368): CodeIgniter\CodeIgniter->handleRequest(null, Object(Config\Cache), false)
 5 FCPATH\index.php(67): CodeIgniter\CodeIgniter->run()
ERROR - 2023-02-21 08:05:58 --> mysqli_sql_exception: Unknown column 'dsa' in 'where clause' in C:\Dev\xampp\htdocs\music\vendor\codeigniter4\framework\system\Database\MySQLi\Connection.php:295
Stack trace:
#0 C:\Dev\xampp\htdocs\music\vendor\codeigniter4\framework\system\Database\MySQLi\Connection.php(295): mysqli->query('select * from t...', 0)
#1 C:\Dev\xampp\htdocs\music\vendor\codeigniter4\framework\system\Database\BaseConnection.php(691): CodeIgniter\Database\MySQLi\Connection->execute('select * from t...')
#2 C:\Dev\xampp\htdocs\music\vendor\codeigniter4\framework\system\Database\BaseConnection.php(605): CodeIgniter\Database\BaseConnection->simpleQuery('select * from t...')
#3 C:\Dev\xampp\htdocs\music\app\Controllers\Login.php(22): CodeIgniter\Database\BaseConnection->query('select * from t...')
#4 C:\Dev\xampp\htdocs\music\vendor\codeigniter4\framework\system\CodeIgniter.php(934): App\Controllers\Login->checkLogin()
#5 C:\Dev\xampp\htdocs\music\vendor\codeigniter4\framework\system\CodeIgniter.php(499): CodeIgniter\CodeIgniter->runController(Object(App\Controllers\Login))
#6 C:\Dev\xampp\htdocs\music\vendor\codeigniter4\framework\system\CodeIgniter.php(368): CodeIgniter\CodeIgniter->handleRequest(NULL, Object(Config\Cache), false)
#7 C:\Dev\xampp\htdocs\music\index.php(67): CodeIgniter\CodeIgniter->run()
#8 {main}
CRITICAL - 2023-02-21 08:05:58 --> Unknown column 'dsa' in 'where clause'
in SYSTEMPATH\Database\BaseConnection.php on line 645.
 1 APPPATH\Controllers\Login.php(22): CodeIgniter\Database\BaseConnection->query('select * from tbl_user where user = dsa and pw = dsa')
 2 SYSTEMPATH\CodeIgniter.php(934): App\Controllers\Login->checkLogin()
 3 SYSTEMPATH\CodeIgniter.php(499): CodeIgniter\CodeIgniter->runController(Object(App\Controllers\Login))
 4 SYSTEMPATH\CodeIgniter.php(368): CodeIgniter\CodeIgniter->handleRequest(null, Object(Config\Cache), false)
 5 FCPATH\index.php(67): CodeIgniter\CodeIgniter->run()
CRITICAL - 2023-02-21 08:14:18 --> json_decode() expects parameter 1 to be string, array given
in APPPATH\Controllers\Login.php on line 33.
 1 [internal function]: CodeIgniter\Debug\Exceptions->errorHandler(2, 'json_decode() expects parameter 1 to be string, array given', 'APPPATH\\Controllers\\Login.php', 33, [...])
 2 APPPATH\Controllers\Login.php(33): json_decode([...])
 3 SYSTEMPATH\CodeIgniter.php(934): App\Controllers\Login->checkLogin()
 4 SYSTEMPATH\CodeIgniter.php(499): CodeIgniter\CodeIgniter->runController(Object(App\Controllers\Login))
 5 SYSTEMPATH\CodeIgniter.php(368): CodeIgniter\CodeIgniter->handleRequest(null, Object(Config\Cache), false)
 6 FCPATH\index.php(67): CodeIgniter\CodeIgniter->run()
CRITICAL - 2023-02-21 08:15:37 --> syntax error, unexpected ':', expecting ']'
in APPPATH\Controllers\Login.php on line 26.
 1 SYSTEMPATH\Autoloader\Autoloader.php(289): CodeIgniter\Autoloader\Autoloader->includeFile('APPPATH\\Controllers\\Login.php')
 2 SYSTEMPATH\Autoloader\Autoloader.php(267): CodeIgniter\Autoloader\Autoloader->loadInNamespace('App\\Controllers\\Login')
 3 [internal function]: CodeIgniter\Autoloader\Autoloader->loadClass('App\\Controllers\\Login')
 4 [internal function]: spl_autoload_call('App\\Controllers\\Login')
 5 SYSTEMPATH\CodeIgniter.php(892): class_exists('\\App\\Controllers\\Login', true)
 6 SYSTEMPATH\CodeIgniter.php(486): CodeIgniter\CodeIgniter->startController()
 7 SYSTEMPATH\CodeIgniter.php(368): CodeIgniter\CodeIgniter->handleRequest(null, Object(Config\Cache), false)
 8 FCPATH\index.php(67): CodeIgniter\CodeIgniter->run()
